[1116/220847.588:ERROR:process_reader_win.cc(151)] SuspendThread: Access is denied. (0x5)
[1116/220847.590:ERROR:process_reader_win.cc(151)] SuspendThread: Access is denied. (0x5)
[1116/220847.590:ERROR:process_reader_win.cc(151)] SuspendThread: Access is denied. (0x5)
[1116/220847.590:ERROR:process_reader_win.cc(151)] SuspendThread: Access is denied. (0x5)
[1116/220847.590:ERROR:process_reader_win.cc(151)] SuspendThread: Access is denied. (0x5)
[1116/220847.590:ERROR:process_reader_win.cc(151)] SuspendThread: Access is denied. (0x5)
[1116/220847.591:ERROR:process_reader_win.cc(151)] SuspendThread: Access is denied. (0x5)
[1116/220847.591:ERROR:process_reader_win.cc(123)] NtOpenThread: {Access Denied} A process has requested access to an object, but has not been granted those access rights.  (0xc0000022)
[1116/220847.599:ERROR:exception_snapshot_win.cc(87)] thread ID 7136 not found in process
[1116/220847.600:WARNING:crash_report_exception_handler.cc(62)] ProcessSnapshotWin::Initialize failed
[1116/220847.618:ERROR:process_reader_win.cc(151)] SuspendThread: Access is denied. (0x5)
[1116/220847.619:ERROR:process_reader_win.cc(151)] SuspendThread: Access is denied. (0x5)
[1116/220847.619:ERROR:process_reader_win.cc(151)] SuspendThread: Access is denied. (0x5)
[1116/220847.619:ERROR:process_reader_win.cc(151)] SuspendThread: Access is denied. (0x5)
[1116/220847.619:ERROR:process_reader_win.cc(151)] SuspendThread: Access is denied. (0x5)
[1116/220847.619:ERROR:process_reader_win.cc(151)] SuspendThread: Access is denied. (0x5)
[1116/220847.619:ERROR:process_reader_win.cc(151)] SuspendThread: Access is denied. (0x5)
[1116/220847.619:ERROR:process_reader_win.cc(123)] NtOpenThread: {Access Denied} A process has requested access to an object, but has not been granted those access rights.  (0xc0000022)
[1116/220847.619:ERROR:exception_snapshot_win.cc(87)] thread ID 14468 not found in process
[1116/220847.619:WARNING:crash_report_exception_handler.cc(62)] ProcessSnapshotWin::Initialize failed
[1120/194837.242:ERROR:process_reader_win.cc(151)] SuspendThread: Access is denied. (0x5)
[1120/194837.245:ERROR:process_reader_win.cc(151)] SuspendThread: Access is denied. (0x5)
[1120/194837.245:ERROR:process_reader_win.cc(151)] SuspendThread: Access is denied. (0x5)
[1120/194837.245:ERROR:process_reader_win.cc(151)] SuspendThread: Access is denied. (0x5)
[1120/194837.245:ERROR:process_reader_win.cc(151)] SuspendThread: Access is denied. (0x5)
[1120/194837.245:ERROR:process_reader_win.cc(151)] SuspendThread: Access is denied. (0x5)
[1120/194837.245:ERROR:process_reader_win.cc(123)] NtOpenThread: {Access Denied} A process has requested access to an object, but has not been granted those access rights.  (0xc0000022)
[1120/194837.247:ERROR:exception_snapshot_win.cc(87)] thread ID 15236 not found in process
[1120/194837.247:WARNING:crash_report_exception_handler.cc(62)] ProcessSnapshotWin::Initialize failed
[1120/194837.288:ERROR:process_reader_win.cc(123)] NtOpenThread: {Access Denied} A process has requested access to an object, but has not been granted those access rights.  (0xc0000022)
[1120/194837.289:ERROR:exception_snapshot_win.cc(87)] thread ID 2516 not found in process
[1120/194837.290:WARNING:crash_report_exception_handler.cc(62)] ProcessSnapshotWin::Initialize failed
[1120/194837.378:ERROR:process_reader_win.cc(151)] SuspendThread: Access is denied. (0x5)
[1120/194837.381:ERROR:process_reader_win.cc(151)] SuspendThread: Access is denied. (0x5)
[1120/194837.381:ERROR:process_reader_win.cc(151)] SuspendThread: Access is denied. (0x5)
[1120/194837.381:ERROR:process_reader_win.cc(151)] SuspendThread: Access is denied. (0x5)
[1120/194837.381:ERROR:process_reader_win.cc(123)] NtOpenThread: {Access Denied} A process has requested access to an object, but has not been granted those access rights.  (0xc0000022)
[1120/194837.382:ERROR:exception_snapshot_win.cc(87)] thread ID 9372 not found in process
[1120/194837.382:WARNING:crash_report_exception_handler.cc(62)] ProcessSnapshotWin::Initialize failed
[1120/194837.416:ERROR:process_reader_win.cc(151)] SuspendThread: Access is denied. (0x5)
[1120/194837.417:ERROR:process_reader_win.cc(151)] SuspendThread: Access is denied. (0x5)
[1120/194837.417:ERROR:process_reader_win.cc(151)] SuspendThread: Access is denied. (0x5)
[1120/194837.417:ERROR:process_reader_win.cc(151)] SuspendThread: Access is denied. (0x5)
[1120/194837.417:ERROR:process_reader_win.cc(151)] SuspendThread: Access is denied. (0x5)
[1120/194837.417:ERROR:process_reader_win.cc(151)] SuspendThread: Access is denied. (0x5)
[1120/194837.417:ERROR:process_reader_win.cc(151)] SuspendThread: Access is denied. (0x5)
[1120/194837.417:ERROR:process_reader_win.cc(123)] NtOpenThread: {Access Denied} A process has requested access to an object, but has not been granted those access rights.  (0xc0000022)
[1120/194837.418:ERROR:exception_snapshot_win.cc(87)] thread ID 14020 not found in process
[1120/194837.418:WARNING:crash_report_exception_handler.cc(62)] ProcessSnapshotWin::Initialize failed
[1120/194915.423:ERROR:process_reader_win.cc(151)] SuspendThread: Access is denied. (0x5)
[1120/194915.424:ERROR:process_reader_win.cc(151)] SuspendThread: Access is denied. (0x5)
[1120/194915.424:ERROR:process_reader_win.cc(151)] SuspendThread: Access is denied. (0x5)
[1120/194915.425:ERROR:process_reader_win.cc(151)] SuspendThread: Access is denied. (0x5)
[1120/194915.425:ERROR:process_reader_win.cc(151)] SuspendThread: Access is denied. (0x5)
[1120/194915.425:ERROR:process_reader_win.cc(151)] SuspendThread: Access is denied. (0x5)
[1120/194915.425:ERROR:process_reader_win.cc(151)] SuspendThread: Access is denied. (0x5)
[1120/194915.425:ERROR:process_reader_win.cc(151)] SuspendThread: Access is denied. (0x5)
[1120/194915.425:ERROR:process_reader_win.cc(151)] SuspendThread: Access is denied. (0x5)
[1120/194915.425:ERROR:process_reader_win.cc(151)] SuspendThread: Access is denied. (0x5)
[1120/194915.425:ERROR:process_reader_win.cc(151)] SuspendThread: Access is denied. (0x5)
[1120/194915.425:ERROR:process_reader_win.cc(151)] SuspendThread: Access is denied. (0x5)
[1120/194915.425:ERROR:process_reader_win.cc(151)] SuspendThread: Access is denied. (0x5)
[1120/194915.425:ERROR:process_reader_win.cc(151)] SuspendThread: Access is denied. (0x5)
[1120/194915.425:ERROR:process_reader_win.cc(151)] SuspendThread: Access is denied. (0x5)
[1120/194915.425:ERROR:process_reader_win.cc(151)] SuspendThread: Access is denied. (0x5)
[1120/194915.425:ERROR:process_reader_win.cc(151)] SuspendThread: Access is denied. (0x5)
[1120/194915.425:ERROR:process_reader_win.cc(151)] SuspendThread: Access is denied. (0x5)
[1120/194915.425:ERROR:process_reader_win.cc(151)] SuspendThread: Access is denied. (0x5)
[1120/194915.425:ERROR:process_reader_win.cc(151)] SuspendThread: Access is denied. (0x5)
[1120/194915.425:ERROR:process_reader_win.cc(151)] SuspendThread: Access is denied. (0x5)
[1120/194915.425:ERROR:process_reader_win.cc(151)] SuspendThread: Access is denied. (0x5)
[1120/194915.425:ERROR:process_reader_win.cc(151)] SuspendThread: Access is denied. (0x5)
[1120/194915.425:ERROR:process_reader_win.cc(151)] SuspendThread: Access is denied. (0x5)
[1120/194915.426:ERROR:process_reader_win.cc(151)] SuspendThread: Access is denied. (0x5)
[1120/194915.426:ERROR:process_reader_win.cc(151)] SuspendThread: Access is denied. (0x5)
[1120/194915.426:ERROR:process_reader_win.cc(151)] SuspendThread: Access is denied. (0x5)
[1120/194915.426:ERROR:process_reader_win.cc(151)] SuspendThread: Access is denied. (0x5)
[1120/194915.426:ERROR:process_reader_win.cc(151)] SuspendThread: Access is denied. (0x5)
[1120/194915.426:ERROR:process_reader_win.cc(151)] SuspendThread: Access is denied. (0x5)
[1120/194915.426:ERROR:process_reader_win.cc(151)] SuspendThread: Access is denied. (0x5)
[1120/194915.426:ERROR:process_reader_win.cc(151)] SuspendThread: Access is denied. (0x5)
[1120/194915.426:ERROR:process_reader_win.cc(151)] SuspendThread: Access is denied. (0x5)
[1120/194915.426:ERROR:process_reader_win.cc(151)] SuspendThread: Access is denied. (0x5)
[1120/194915.426:ERROR:process_reader_win.cc(151)] SuspendThread: Access is denied. (0x5)
[1120/194915.426:ERROR:process_reader_win.cc(151)] SuspendThread: Access is denied. (0x5)
[1120/194915.427:ERROR:process_reader_win.cc(151)] SuspendThread: Access is denied. (0x5)
[1120/194915.427:ERROR:process_reader_win.cc(151)] SuspendThread: Access is denied. (0x5)
[1120/194915.427:ERROR:process_reader_win.cc(151)] SuspendThread: Access is denied. (0x5)
[1120/194915.427:ERROR:process_reader_win.cc(151)] SuspendThread: Access is denied. (0x5)
[1120/194915.427:ERROR:process_reader_win.cc(151)] SuspendThread: Access is denied. (0x5)
[1120/194915.427:ERROR:process_reader_win.cc(151)] SuspendThread: Access is denied. (0x5)
[1120/194915.427:ERROR:process_reader_win.cc(123)] NtOpenThread: {Access Denied} A process has requested access to an object, but has not been granted those access rights.  (0xc0000022)
[1120/194915.428:ERROR:exception_snapshot_win.cc(87)] thread ID 13736 not found in process
[1120/194915.428:WARNING:crash_report_exception_handler.cc(62)] ProcessSnapshotWin::Initialize failed
[1120/194915.540:ERROR:process_reader_win.cc(151)] SuspendThread: Access is denied. (0x5)
[1120/194915.542:ERROR:process_reader_win.cc(151)] SuspendThread: Access is denied. (0x5)
[1120/194915.542:ERROR:process_reader_win.cc(151)] SuspendThread: Access is denied. (0x5)
[1120/194915.542:ERROR:process_reader_win.cc(151)] SuspendThread: Access is denied. (0x5)
[1120/194915.542:ERROR:process_reader_win.cc(151)] SuspendThread: Access is denied. (0x5)
[1120/194915.542:ERROR:process_reader_win.cc(151)] SuspendThread: Access is denied. (0x5)
[1120/194915.542:ERROR:process_reader_win.cc(151)] SuspendThread: Access is denied. (0x5)
[1120/194915.542:ERROR:process_reader_win.cc(151)] SuspendThread: Access is denied. (0x5)
[1120/194915.542:ERROR:process_reader_win.cc(151)] SuspendThread: Access is denied. (0x5)
[1120/194915.542:ERROR:process_reader_win.cc(151)] SuspendThread: Access is denied. (0x5)
[1120/194915.543:ERROR:process_reader_win.cc(151)] SuspendThread: Access is denied. (0x5)
[1120/194915.543:ERROR:process_reader_win.cc(151)] SuspendThread: Access is denied. (0x5)
[1120/194915.543:ERROR:process_reader_win.cc(151)] SuspendThread: Access is denied. (0x5)
[1120/194915.543:ERROR:process_reader_win.cc(151)] SuspendThread: Access is denied. (0x5)
[1120/194915.543:ERROR:process_reader_win.cc(151)] SuspendThread: Access is denied. (0x5)
[1120/194915.543:ERROR:process_reader_win.cc(151)] SuspendThread: Access is denied. (0x5)
[1120/194915.543:ERROR:process_reader_win.cc(151)] SuspendThread: Access is denied. (0x5)
[1120/194915.543:ERROR:process_reader_win.cc(151)] SuspendThread: Access is denied. (0x5)
[1120/194915.543:ERROR:process_reader_win.cc(151)] SuspendThread: Access is denied. (0x5)
[1120/194915.543:ERROR:process_reader_win.cc(151)] SuspendThread: Access is denied. (0x5)
[1120/194915.543:ERROR:process_reader_win.cc(151)] SuspendThread: Access is denied. (0x5)
[1120/194915.543:ERROR:process_reader_win.cc(151)] SuspendThread: Access is denied. (0x5)
[1120/194915.543:ERROR:process_reader_win.cc(151)] SuspendThread: Access is denied. (0x5)
[1120/194915.543:ERROR:process_reader_win.cc(151)] SuspendThread: Access is denied. (0x5)
[1120/194915.543:ERROR:process_reader_win.cc(151)] SuspendThread: Access is denied. (0x5)
[1120/194915.543:ERROR:process_reader_win.cc(151)] SuspendThread: Access is denied. (0x5)
[1120/194915.543:ERROR:process_reader_win.cc(151)] SuspendThread: Access is denied. (0x5)
[1120/194915.543:ERROR:process_reader_win.cc(151)] SuspendThread: Access is denied. (0x5)
[1120/194915.543:ERROR:process_reader_win.cc(151)] SuspendThread: Access is denied. (0x5)
[1120/194915.543:ERROR:process_reader_win.cc(151)] SuspendThread: Access is denied. (0x5)
[1120/194915.544:ERROR:process_reader_win.cc(151)] SuspendThread: Access is denied. (0x5)
[1120/194915.544:ERROR:process_reader_win.cc(151)] SuspendThread: Access is denied. (0x5)
[1120/194915.544:ERROR:process_reader_win.cc(151)] SuspendThread: Access is denied. (0x5)
[1120/194915.544:ERROR:process_reader_win.cc(151)] SuspendThread: Access is denied. (0x5)
[1120/194915.544:ERROR:process_reader_win.cc(151)] SuspendThread: Access is denied. (0x5)
[1120/194915.544:ERROR:process_reader_win.cc(151)] SuspendThread: Access is denied. (0x5)
[1120/194915.544:ERROR:process_reader_win.cc(151)] SuspendThread: Access is denied. (0x5)
[1120/194915.544:ERROR:process_reader_win.cc(151)] SuspendThread: Access is denied. (0x5)
[1120/194915.544:ERROR:process_reader_win.cc(151)] SuspendThread: Access is denied. (0x5)
[1120/194915.544:ERROR:process_reader_win.cc(151)] SuspendThread: Access is denied. (0x5)
[1120/194915.544:ERROR:process_reader_win.cc(151)] SuspendThread: Access is denied. (0x5)
[1120/194915.544:ERROR:process_reader_win.cc(151)] SuspendThread: Access is denied. (0x5)
[1120/194915.544:ERROR:process_reader_win.cc(151)] SuspendThread: Access is denied. (0x5)
[1120/194915.544:ERROR:process_reader_win.cc(123)] NtOpenThread: {Access Denied} A process has requested access to an object, but has not been granted those access rights.  (0xc0000022)
[1120/194915.545:ERROR:exception_snapshot_win.cc(87)] thread ID 12592 not found in process
[1120/194915.545:WARNING:crash_report_exception_handler.cc(62)] ProcessSnapshotWin::Initialize failed
[1120/194915.642:ERROR:process_reader_win.cc(151)] SuspendThread: Access is denied. (0x5)
[1120/194915.644:ERROR:process_reader_win.cc(151)] SuspendThread: Access is denied. (0x5)
[1120/194915.645:ERROR:process_reader_win.cc(151)] SuspendThread: Access is denied. (0x5)
[1120/194915.645:ERROR:process_reader_win.cc(151)] SuspendThread: Access is denied. (0x5)
[1120/194915.645:ERROR:process_reader_win.cc(151)] SuspendThread: Access is denied. (0x5)
[1120/194915.645:ERROR:process_reader_win.cc(151)] SuspendThread: Access is denied. (0x5)
[1120/194915.645:ERROR:process_reader_win.cc(151)] SuspendThread: Access is denied. (0x5)
[1120/194915.645:ERROR:process_reader_win.cc(151)] SuspendThread: Access is denied. (0x5)
[1120/194915.645:ERROR:process_reader_win.cc(151)] SuspendThread: Access is denied. (0x5)
[1120/194915.645:ERROR:process_reader_win.cc(151)] SuspendThread: Access is denied. (0x5)
[1120/194915.645:ERROR:process_reader_win.cc(151)] SuspendThread: Access is denied. (0x5)
[1120/194915.645:ERROR:process_reader_win.cc(151)] SuspendThread: Access is denied. (0x5)
[1120/194915.645:ERROR:process_reader_win.cc(151)] SuspendThread: Access is denied. (0x5)
[1120/194915.645:ERROR:process_reader_win.cc(151)] SuspendThread: Access is denied. (0x5)
[1120/194915.645:ERROR:process_reader_win.cc(151)] SuspendThread: Access is denied. (0x5)
[1120/194915.645:ERROR:process_reader_win.cc(151)] SuspendThread: Access is denied. (0x5)
[1120/194915.645:ERROR:process_reader_win.cc(151)] SuspendThread: Access is denied. (0x5)
[1120/194915.646:ERROR:process_reader_win.cc(151)] SuspendThread: Access is denied. (0x5)
[1120/194915.646:ERROR:process_reader_win.cc(151)] SuspendThread: Access is denied. (0x5)
[1120/194915.646:ERROR:process_reader_win.cc(151)] SuspendThread: Access is denied. (0x5)
[1120/194915.646:ERROR:process_reader_win.cc(151)] SuspendThread: Access is denied. (0x5)
[1120/194915.646:ERROR:process_reader_win.cc(151)] SuspendThread: Access is denied. (0x5)
[1120/194915.646:ERROR:process_reader_win.cc(151)] SuspendThread: Access is denied. (0x5)
[1120/194915.646:ERROR:process_reader_win.cc(151)] SuspendThread: Access is denied. (0x5)
[1120/194915.646:ERROR:process_reader_win.cc(151)] SuspendThread: Access is denied. (0x5)
[1120/194915.646:ERROR:process_reader_win.cc(151)] SuspendThread: Access is denied. (0x5)
[1120/194915.646:ERROR:process_reader_win.cc(151)] SuspendThread: Access is denied. (0x5)
[1120/194915.646:ERROR:process_reader_win.cc(151)] SuspendThread: Access is denied. (0x5)
[1120/194915.646:ERROR:process_reader_win.cc(151)] SuspendThread: Access is denied. (0x5)
[1120/194915.646:ERROR:process_reader_win.cc(151)] SuspendThread: Access is denied. (0x5)
[1120/194915.647:ERROR:process_reader_win.cc(151)] SuspendThread: Access is denied. (0x5)
[1120/194915.647:ERROR:process_reader_win.cc(151)] SuspendThread: Access is denied. (0x5)
[1120/194915.647:ERROR:process_reader_win.cc(151)] SuspendThread: Access is denied. (0x5)
[1120/194915.647:ERROR:process_reader_win.cc(151)] SuspendThread: Access is denied. (0x5)
[1120/194915.647:ERROR:process_reader_win.cc(151)] SuspendThread: Access is denied. (0x5)
[1120/194915.647:ERROR:process_reader_win.cc(151)] SuspendThread: Access is denied. (0x5)
[1120/194915.647:ERROR:process_reader_win.cc(123)] NtOpenThread: {Access Denied} A process has requested access to an object, but has not been granted those access rights.  (0xc0000022)
[1120/194915.648:ERROR:exception_snapshot_win.cc(87)] thread ID 9004 not found in process
[1120/194915.648:WARNING:crash_report_exception_handler.cc(62)] ProcessSnapshotWin::Initialize failed
[1120/194915.734:ERROR:process_reader_win.cc(151)] SuspendThread: Access is denied. (0x5)
[1120/194915.735:ERROR:process_reader_win.cc(151)] SuspendThread: Access is denied. (0x5)
[1120/194915.735:ERROR:process_reader_win.cc(151)] SuspendThread: Access is denied. (0x5)
[1120/194915.735:ERROR:process_reader_win.cc(151)] SuspendThread: Access is denied. (0x5)
[1120/194915.735:ERROR:process_reader_win.cc(151)] SuspendThread: Access is denied. (0x5)
[1120/194915.735:ERROR:process_reader_win.cc(151)] SuspendThread: Access is denied. (0x5)
[1120/194915.735:ERROR:process_reader_win.cc(151)] SuspendThread: Access is denied. (0x5)
[1120/194915.735:ERROR:process_reader_win.cc(123)] NtOpenThread: {Access Denied} A process has requested access to an object, but has not been granted those access rights.  (0xc0000022)
[1120/194915.736:ERROR:exception_snapshot_win.cc(87)] thread ID 6036 not found in process
[1120/194915.736:WARNING:crash_report_exception_handler.cc(62)] ProcessSnapshotWin::Initialize failed
[1120/194915.958:ERROR:process_info.cc(632)] range at 0x264740f200000000, size 0x11d fully unreadable
[1120/194915.958:ERROR:process_info.cc(632)] range at 0x2647415400000000, size 0x11d fully unreadable
[1120/194915.958:ERROR:process_info.cc(632)] range at 0x0, size 0x11d fully unreadable
[1120/194916.038:ERROR:scoped_process_suspend.cc(39)] NtResumeProcess: An attempt was made to access an exiting process.  (0xc000010a)
